INFO 2017-06-30 11:23:34,671 justtest : /selectPort/
ERROR 2017-06-30 11:23:34,671 日志内容
INFO 2017-06-30 11:26:47,224 justtest : /selectPort/
ERROR 2017-06-30 11:26:47,224 日志内容
INFO 2017-06-30 11:26:54,701 justtest : /selectPort/
ERROR 2017-06-30 11:26:54,702 日志内容
INFO 2017-06-30 11:27:03,814 justtest : /daymanage/
ERROR 2017-06-30 11:27:03,814 日志内容
[INFO] 2017-06-30 11:28:03,071 justtest : /daymanage/
[ERROR] 2017-06-30 11:28:03,075 日志内容
[INFO]2017-06-30 11:29:29,538 justtest : /daymanage/
[ERROR]2017-06-30 11:29:29,538 日志内容
2017-06-30 11:29:59,498[INFO]justtest : /daymanage/
2017-06-30 11:29:59,501[ERROR]日志内容
2017-06-30 11:31:52,929[INFO]justtest : /daymanage/
2017-06-30 11:32:22,192[INFO]justtest : /selectPort/
2017-06-30 11:32:40,156[INFO]justtest : /hostId/
2017-06-30 11:32:41,464[INFO]justtest : /form/logMonitor.html
2017-06-30 11:33:03,711[INFO]justtest : /selectPort/
2017-06-30 11:33:21,748[INFO]justtest : /selectPort/
2017-06-30 11:33:40,537[INFO]justtest : /selectPort/
2017-06-30 11:33:42,050[INFO]justtest : /form/dataManage.html
2017-06-30 11:33:42,154[INFO]justtest : /dayData/
2017-07-03 18:29:55,469[INFO]justtest : /login/
2017-07-03 18:29:55,494[INFO]justtest : /check_code/
2017-07-03 18:30:06,516[INFO]justtest : /onload/
2017-07-03 18:30:06,539[INFO]justtest : /form/
2017-07-03 18:30:06,859[INFO]justtest : /pages/serviceShow/service_manage.html
2017-07-03 18:30:07,353[INFO]justtest : /favicon.ico
2017-07-03 18:30:09,170[INFO]justtest : /hostId/
2017-07-03 18:30:09,351[INFO]justtest : /firstAnayse/
2017-07-03 18:30:30,752[INFO]justtest : /form/
2017-07-03 18:30:32,124[INFO]justtest : /pages/serviceShow/service_manage.html
2017-07-03 18:30:37,444[INFO]justtest : /hostId/
2017-07-03 18:30:37,623[INFO]justtest : /firstAnayse/
2017-07-03 18:32:03,753[INFO]justtest : /form/
2017-07-03 18:32:06,622[INFO]justtest : /pages/serviceShow/service_manage.html
2017-07-03 18:32:09,145[INFO]justtest : /daymanage/
2017-07-03 18:32:11,204[INFO]justtest : /form/logMonitor.html
2017-07-03 18:32:32,906[INFO]justtest : /hostId/
2017-07-03 18:32:33,169[INFO]justtest : /firstAnayse/
2017-07-03 18:32:41,801[INFO]justtest : /form/
2017-07-03 18:32:42,033[INFO]justtest : /pages/serviceShow/service_manage.html
2017-07-03 18:36:28,257[INFO]justtest : /form/
2017-07-03 18:36:28,397[INFO]justtest : /pages/serviceShow/service_manage.html
2017-07-03 18:36:30,754[INFO]justtest : /hostId/
2017-07-03 18:36:30,921[INFO]justtest : /firstAnayse/
2017-07-03 18:38:21,270[INFO]justtest : /form/
2017-07-03 18:38:21,374[INFO]justtest : /pages/serviceShow/service_manage.html
2017-07-03 18:38:27,310[INFO]justtest : /hostId/
2017-07-03 18:38:27,469[INFO]justtest : /firstAnayse/
2017-07-03 18:38:51,656[INFO]justtest : /form/
2017-07-03 18:38:51,759[INFO]justtest : /pages/serviceShow/service_manage.html
2017-07-03 18:38:53,268[INFO]justtest : /hostId/
2017-07-03 18:38:53,444[INFO]justtest : /firstAnayse/
2017-07-03 18:39:39,444[INFO]justtest : /form/
2017-07-03 18:39:39,595[INFO]justtest : /pages/serviceShow/service_manage.html
2017-07-03 18:39:41,588[INFO]justtest : /hostId/
2017-07-03 18:39:41,762[INFO]justtest : /firstAnayse/
2017-07-03 18:43:04,600[INFO]justtest : /form/
2017-07-03 18:43:04,604[INFO]justtest : /login/
2017-07-03 18:43:04,624[INFO]justtest : /check_code/
2017-07-03 18:43:14,102[INFO]justtest : /onload/
2017-07-03 18:43:14,119[INFO]justtest : /form/
2017-07-03 18:43:14,256[INFO]justtest : /pages/serviceShow/service_manage.html
2017-07-03 18:43:14,683[INFO]justtest : /favicon.ico
2017-07-03 18:43:17,733[INFO]justtest : /hostId/
2017-07-03 18:43:17,890[INFO]justtest : /firstAnayse/
2017-07-03 18:44:35,358[INFO]justtest : /form/
2017-07-03 18:44:35,467[INFO]justtest : /pages/serviceShow/service_manage.html
2017-07-03 18:44:37,487[INFO]justtest : /hostId/
2017-07-03 18:44:37,649[INFO]justtest : /firstAnayse/
2017-07-03 18:45:29,151[INFO]justtest : /hostId/
2017-07-03 18:45:29,262[INFO]justtest : /firstAnayse/
2017-07-03 18:46:15,859[INFO]justtest : /hostId/
2017-07-03 18:46:15,967[INFO]justtest : /firstAnayse/
2017-07-03 18:47:14,682[INFO]justtest : /form/logMonitor.html
2017-07-03 18:47:15,889[INFO]justtest : /hostId/
2017-07-03 18:47:16,065[INFO]justtest : /firstAnayse/
2017-07-03 18:53:28,009[INFO]justtest : /form/
2017-07-03 18:53:28,135[INFO]justtest : /pages/serviceShow/service_manage.html
2017-07-03 18:53:29,938[INFO]justtest : /hostId/
2017-07-03 18:53:30,097[INFO]justtest : /firstAnayse/
2017-07-03 18:53:43,150[INFO]justtest : /hostId/
2017-07-03 18:53:43,333[INFO]justtest : /firstAnayse/
2017-07-03 18:53:54,035[INFO]justtest : /firstAnayse/
2017-07-03 18:54:00,367[INFO]justtest : /firstAnayse/
2017-07-03 18:55:21,480[INFO]justtest : /form/dataManage.html
2017-07-03 18:55:21,583[INFO]justtest : /dayData/
2017-07-03 18:55:29,070[INFO]justtest : /selectPort/
2017-07-03 18:55:31,313[INFO]justtest : /changePortPage/
2017-07-03 18:55:31,977[INFO]justtest : /changePortPage/
2017-07-03 18:55:32,865[INFO]justtest : /changePortPage/
2017-07-03 18:55:33,680[INFO]justtest : /changePortPage/
2017-07-03 18:55:34,333[INFO]justtest : /changePortPage/
2017-07-03 18:55:34,964[INFO]justtest : /changePortPage/
2017-07-03 18:55:35,799[INFO]justtest : /changePortPage/
2017-07-03 18:55:39,440[INFO]justtest : /changePortPage/
2017-07-03 18:55:48,795[INFO]justtest : /daymanage/
2017-07-03 18:55:51,678[INFO]justtest : /downmanage/
2017-07-03 18:56:21,521[INFO]justtest : /form/logMonitor.html
2017-07-03 18:56:23,070[INFO]justtest : /hostId/
2017-07-03 18:56:23,221[INFO]justtest : /firstAnayse/
2017-07-03 18:56:31,180[INFO]justtest : /serverlist/
2017-07-03 18:56:32,926[INFO]justtest : /toSoftware/
2017-07-03 18:56:34,363[INFO]justtest : /serverlist/
2017-07-03 18:56:35,750[INFO]justtest : /form/dataManage.html
2017-07-03 18:56:35,826[INFO]justtest : /dayData/
2017-07-03 18:56:48,233[INFO]justtest : /form/dataManage.html
2017-07-03 18:56:48,305[INFO]justtest : /dayData/
2017-07-03 18:56:59,378[INFO]justtest : /selectPort/
2017-07-03 18:57:12,258[INFO]justtest : /daymanage/
2017-07-03 18:57:27,381[INFO]justtest : /changeThingsPage/
2017-07-03 18:57:28,883[INFO]justtest : /changeThingsPage/
2017-07-03 18:57:33,007[INFO]justtest : /changeThingsPage/
2017-07-03 18:57:38,135[INFO]justtest : /form/dataManage.html
2017-07-03 18:57:38,239[INFO]justtest : /dayData/
2017-07-03 18:57:45,499[INFO]justtest : /hostId/
2017-07-03 18:57:45,661[INFO]justtest : /firstAnayse/
2017-07-03 18:57:52,322[INFO]justtest : /firstAnayse/
2017-07-03 18:57:57,876[INFO]justtest : /firstAnayse/
2017-07-03 18:58:03,055[INFO]justtest : /firstAnayse/
2017-07-03 18:58:15,862[INFO]justtest : /firstAnayse/
2017-07-03 18:58:37,966[INFO]justtest : /serverlist/
2017-07-03 18:58:41,352[INFO]justtest : /servercatalog/
2017-07-03 18:58:42,864[INFO]justtest : /servercatalog/
2017-07-03 18:58:46,147[INFO]justtest : /toSoftware/
2017-07-03 18:58:51,135[INFO]justtest : /serverlist/
2017-07-03 18:58:51,702[INFO]justtest : /toSoftware/
2017-07-14 16:33:29,203[INFO]justtest : /login/
2017-07-14 16:33:29,385[INFO]justtest : /check_code/
2017-07-14 16:33:39,857[INFO]justtest : /onload/
2017-07-14 16:33:39,874[INFO]justtest : /form/
2017-07-14 16:33:40,270[INFO]justtest : /pages/serviceShow/service_manage.html
2017-07-14 16:33:40,777[INFO]justtest : /favicon.ico
2017-07-14 16:35:13,065[INFO]justtest : /form/
2017-07-14 16:35:13,203[INFO]justtest : /pages/serviceShow/service_manage.html
2017-07-14 16:38:21,042[INFO]justtest : /form/
2017-07-14 16:38:21,141[INFO]justtest : /pages/serviceShow/service_manage.html
2017-07-14 16:38:38,163[INFO]justtest : /form/
2017-07-14 16:38:38,263[INFO]justtest : /pages/serviceShow/service_manage.html
2017-07-14 16:38:52,935[INFO]justtest : /form/
2017-07-14 16:38:53,035[INFO]justtest : /pages/serviceShow/service_manage.html
2017-07-14 16:39:16,468[INFO]justtest : /form/
2017-07-14 16:39:16,564[INFO]justtest : /pages/serviceShow/service_manage.html
2017-07-14 16:40:19,627[INFO]justtest : /form/
2017-07-14 16:40:19,726[INFO]justtest : /pages/serviceShow/service_manage.html
2017-07-14 16:42:39,830[INFO]justtest : /form/
2017-07-14 16:42:39,937[INFO]justtest : /pages/serviceShow/service_manage.html
2017-07-14 16:44:33,599[INFO]justtest : /form/
2017-07-14 16:44:33,722[INFO]justtest : /pages/serviceShow/service_manage.html
2017-07-14 16:44:42,007[INFO]justtest : /form/
2017-07-14 16:44:42,073[INFO]justtest : /pages/serviceShow/service_manage.html
2017-07-14 16:45:42,825[INFO]justtest : /form/
2017-07-14 16:45:42,902[INFO]justtest : /pages/serviceShow/service_manage.html
2017-07-14 16:49:22,016[INFO]justtest : /form/
2017-07-14 16:49:22,111[INFO]justtest : /pages/serviceShow/service_manage.html
2017-07-14 16:49:36,301[INFO]justtest : /form/
2017-07-14 16:49:36,406[INFO]justtest : /pages/serviceShow/service_manage.html
2017-07-14 16:49:46,726[INFO]justtest : /form/
2017-07-14 16:49:46,825[INFO]justtest : /pages/serviceShow/service_manage.html
2017-07-14 16:50:01,455[INFO]justtest : /form/
2017-07-14 16:50:01,551[INFO]justtest : /pages/serviceShow/service_manage.html
2017-07-14 16:50:10,268[INFO]justtest : /form/
2017-07-14 16:50:10,336[INFO]justtest : /pages/serviceShow/service_manage.html
2017-07-14 16:50:40,801[INFO]justtest : /form/
2017-07-14 16:50:40,898[INFO]justtest : /pages/serviceShow/service_manage.html
2017-07-14 16:51:00,342[INFO]justtest : /form/
2017-07-14 16:51:00,439[INFO]justtest : /pages/serviceShow/service_manage.html
2017-07-14 16:51:51,869[INFO]justtest : /form/
2017-07-14 16:51:51,984[INFO]justtest : /pages/serviceShow/service_manage.html
2017-07-14 16:53:05,313[INFO]justtest : /form/
2017-07-14 16:53:05,411[INFO]justtest : /pages/serviceShow/service_manage.html
2017-07-14 16:53:20,793[INFO]justtest : /toastr.js.map
2017-07-14 16:54:30,327[INFO]justtest : /form/
2017-07-14 16:54:30,703[INFO]justtest : /pages/serviceShow/service_manage.html
2017-07-14 16:54:30,738[INFO]justtest : /toastr.js.map
2017-07-14 16:54:54,279[INFO]justtest : /form/
2017-07-14 16:54:54,415[INFO]justtest : /pages/serviceShow/service_manage.html
2017-07-14 16:56:44,289[INFO]justtest : /form/
2017-07-14 16:56:44,384[INFO]justtest : /pages/serviceShow/service_manage.html
2017-07-14 16:58:14,108[INFO]justtest : /form/
2017-07-14 16:58:14,199[INFO]justtest : /pages/serviceShow/service_manage.html
2017-07-14 16:58:23,497[INFO]justtest : /form/
2017-07-14 16:58:23,566[INFO]justtest : /pages/serviceShow/service_manage.html
2017-07-14 16:58:42,905[INFO]justtest : /form/
2017-07-14 16:58:42,973[INFO]justtest : /pages/serviceShow/service_manage.html
2017-07-14 16:58:51,997[INFO]justtest : /form/
2017-07-14 16:58:52,091[INFO]justtest : /pages/serviceShow/service_manage.html
2017-07-14 16:59:09,829[INFO]justtest : /form/
2017-07-14 16:59:09,930[INFO]justtest : /pages/serviceShow/service_manage.html
2017-07-14 16:59:39,402[INFO]justtest : /form/
2017-07-14 16:59:39,498[INFO]justtest : /pages/serviceShow/service_manage.html
2017-07-14 16:59:53,890[INFO]justtest : /form/
2017-07-14 16:59:53,984[INFO]justtest : /pages/serviceShow/service_manage.html
2017-07-14 17:00:03,211[INFO]justtest : /form/
2017-07-14 17:00:03,278[INFO]justtest : /pages/serviceShow/service_manage.html
2017-07-14 17:00:20,449[INFO]justtest : /form/
2017-07-14 17:00:20,525[INFO]justtest : /pages/serviceShow/service_manage.html
2017-07-14 17:00:32,439[INFO]justtest : /form/
2017-07-14 17:00:32,564[INFO]justtest : /pages/serviceShow/service_manage.html
2017-07-14 17:00:39,924[INFO]justtest : /toastr.js.map
2017-07-14 17:01:14,661[INFO]justtest : /form/
2017-07-14 17:01:14,968[INFO]justtest : /pages/serviceShow/service_manage.html
2017-07-14 17:01:15,013[INFO]justtest : /toastr.js.map
2017-07-14 17:02:08,448[INFO]justtest : /form/
2017-07-14 17:02:08,728[INFO]justtest : /pages/serviceShow/service_manage.html
2017-07-14 17:02:08,777[INFO]justtest : /toastr.js.map
2017-07-14 17:03:12,214[INFO]justtest : /form/
2017-07-14 17:03:13,571[INFO]justtest : /pages/serviceShow/service_manage.html
2017-07-14 17:03:13,602[INFO]justtest : /toastr.js.map
2017-07-14 17:04:43,659[INFO]justtest : /form/
2017-07-14 17:04:43,956[INFO]justtest : /pages/serviceShow/service_manage.html
2017-07-14 17:04:43,995[INFO]justtest : /toastr.js.map
2017-07-14 17:05:41,501[INFO]justtest : /form/
2017-07-14 17:05:41,637[INFO]justtest : /pages/serviceShow/service_manage.html
2017-07-14 17:05:53,773[INFO]justtest : /toastr.js.map
2017-07-14 17:06:33,903[INFO]justtest : /form/
2017-07-14 17:06:34,177[INFO]justtest : /pages/serviceShow/service_manage.html
2017-07-14 17:06:34,222[INFO]justtest : /toastr.js.map
2017-07-14 17:06:48,879[INFO]justtest : /form/
2017-07-14 17:06:49,021[INFO]justtest : /pages/serviceShow/service_manage.html
2017-07-14 17:07:10,797[INFO]justtest : /form/
2017-07-14 17:07:10,891[INFO]justtest : /pages/serviceShow/service_manage.html
2017-07-14 17:07:24,432[INFO]justtest : /form/
2017-07-14 17:07:24,535[INFO]justtest : /pages/serviceShow/service_manage.html
2017-07-14 17:07:46,853[INFO]justtest : /form/
2017-07-14 17:07:46,956[INFO]justtest : /pages/serviceShow/service_manage.html
2017-07-14 17:08:00,358[INFO]justtest : /form/
2017-07-14 17:08:00,458[INFO]justtest : /pages/serviceShow/service_manage.html
2017-07-14 17:08:15,452[INFO]justtest : /form/
2017-07-14 17:08:15,556[INFO]justtest : /pages/serviceShow/service_manage.html
2017-07-14 17:09:30,586[INFO]justtest : /form/
2017-07-14 17:09:30,686[INFO]justtest : /pages/serviceShow/service_manage.html
2017-07-14 17:09:42,963[INFO]justtest : /form/
2017-07-14 17:09:43,083[INFO]justtest : /pages/serviceShow/service_manage.html
2017-07-14 17:09:58,176[INFO]justtest : /form/
2017-07-14 17:09:58,285[INFO]justtest : /pages/serviceShow/service_manage.html
2017-07-14 17:10:23,564[INFO]justtest : /form/
2017-07-14 17:10:23,662[INFO]justtest : /pages/serviceShow/service_manage.html
2017-07-14 17:11:32,609[INFO]justtest : /form/
2017-07-14 17:11:32,722[INFO]justtest : /pages/serviceShow/service_manage.html
2017-07-14 17:11:57,031[INFO]justtest : /form/
2017-07-14 17:11:57,133[INFO]justtest : /pages/serviceShow/service_manage.html
2017-07-14 17:12:26,228[INFO]justtest : /form/
2017-07-14 17:12:26,332[INFO]justtest : /pages/serviceShow/service_manage.html
2017-07-14 17:15:53,378[INFO]justtest : /form/
2017-07-14 17:15:53,483[INFO]justtest : /pages/serviceShow/service_manage.html
2017-07-14 17:16:59,453[INFO]justtest : /form/
2017-07-14 17:16:59,564[INFO]justtest : /pages/serviceShow/service_manage.html
2017-07-14 17:17:43,170[INFO]justtest : /form/
2017-07-14 17:17:43,276[INFO]justtest : /pages/serviceShow/service_manage.html
2017-07-14 17:18:46,708[INFO]justtest : /form/
2017-07-14 17:18:46,814[INFO]justtest : /pages/serviceShow/service_manage.html
2017-07-14 17:18:57,397[INFO]justtest : /form/
2017-07-14 17:18:57,494[INFO]justtest : /pages/serviceShow/service_manage.html
2017-07-14 17:19:07,060[INFO]justtest : /form/
2017-07-14 17:19:07,159[INFO]justtest : /pages/serviceShow/service_manage.html
2017-07-14 17:19:21,852[INFO]justtest : /form/
2017-07-14 17:19:21,957[INFO]justtest : /pages/serviceShow/service_manage.html
2017-07-14 17:19:27,931[INFO]justtest : /form/
2017-07-14 17:19:28,008[INFO]justtest : /pages/serviceShow/service_manage.html
2017-07-14 17:19:34,099[INFO]justtest : /form/
2017-07-14 17:19:34,193[INFO]justtest : /pages/serviceShow/service_manage.html
2017-07-14 17:20:21,367[INFO]justtest : /form/
2017-07-14 17:20:21,469[INFO]justtest : /pages/serviceShow/service_manage.html
2017-07-14 17:20:29,601[INFO]justtest : /form/
2017-07-14 17:20:29,682[INFO]justtest : /pages/serviceShow/service_manage.html
2017-07-14 17:20:43,375[INFO]justtest : /form/
2017-07-14 17:20:43,477[INFO]justtest : /pages/serviceShow/service_manage.html
2017-07-14 17:20:53,199[INFO]justtest : /form/
2017-07-14 17:20:53,301[INFO]justtest : /pages/serviceShow/service_manage.html
2017-07-14 17:21:19,768[INFO]justtest : /form/
2017-07-14 17:21:19,875[INFO]justtest : /pages/serviceShow/service_manage.html
2017-07-14 17:21:40,993[INFO]justtest : /form/
2017-07-14 17:21:41,089[INFO]justtest : /pages/serviceShow/service_manage.html
2017-07-14 17:21:50,385[INFO]justtest : /form/
2017-07-14 17:21:50,463[INFO]justtest : /pages/serviceShow/service_manage.html
2017-07-14 17:22:23,249[INFO]justtest : /form/
2017-07-14 17:22:23,333[INFO]justtest : /pages/serviceShow/service_manage.html
2017-07-14 17:22:54,357[INFO]justtest : /form/
2017-07-14 17:22:54,457[INFO]justtest : /pages/serviceShow/service_manage.html
2017-07-14 17:23:09,430[INFO]justtest : /form/
2017-07-14 17:23:09,528[INFO]justtest : /pages/serviceShow/service_manage.html
2017-07-14 17:23:12,952[INFO]justtest : /toastr.js.map
2017-07-14 17:24:11,045[INFO]justtest : /form/
2017-07-14 17:24:11,153[INFO]justtest : /pages/serviceShow/service_manage.html
2017-07-14 17:24:18,197[INFO]justtest : /form/
2017-07-14 17:24:18,274[INFO]justtest : /pages/serviceShow/service_manage.html
2017-07-14 17:24:43,545[INFO]justtest : /form/
2017-07-14 17:24:43,614[INFO]justtest : /pages/serviceShow/service_manage.html
2017-07-14 17:25:06,204[INFO]justtest : /form/
2017-07-14 17:25:06,309[INFO]justtest : /pages/serviceShow/service_manage.html
2017-07-14 17:25:14,652[INFO]justtest : /form/
2017-07-14 17:25:14,724[INFO]justtest : /pages/serviceShow/service_manage.html
2017-07-14 17:25:21,845[INFO]justtest : /form/
2017-07-14 17:25:21,922[INFO]justtest : /pages/serviceShow/service_manage.html
2017-07-14 17:25:33,837[INFO]justtest : /form/
2017-07-14 17:25:33,943[INFO]justtest : /pages/serviceShow/service_manage.html
2017-07-14 17:25:40,242[INFO]justtest : /form/
2017-07-14 17:25:40,314[INFO]justtest : /pages/serviceShow/service_manage.html
2017-07-14 17:25:48,573[INFO]justtest : /form/
2017-07-14 17:25:48,642[INFO]justtest : /pages/serviceShow/service_manage.html
2017-07-15 14:43:51,232[INFO]justtest : /login/
2017-07-15 14:43:51,256[INFO]justtest : /check_code/
2017-07-15 14:44:00,706[INFO]justtest : /onload/
2017-07-15 14:44:00,734[INFO]justtest : /form/
2017-07-15 14:44:00,866[INFO]justtest : /pages/serviceShow/service_manage.html
2017-07-15 14:44:01,203[INFO]justtest : /favicon.ico
2017-07-15 14:46:32,201[INFO]justtest : /toastr.js.map
2017-07-15 14:47:25,755[INFO]justtest : /form/
2017-07-15 14:47:25,761[INFO]justtest : /login/
2017-07-15 14:47:25,800[INFO]justtest : /check_code/
2017-07-15 14:47:40,156[INFO]justtest : /onload/
2017-07-15 14:47:40,189[INFO]justtest : /form/
2017-07-15 14:47:40,662[INFO]justtest : /pages/serviceShow/service_manage.html
2017-07-15 14:47:41,100[INFO]justtest : /favicon.ico
2017-07-15 14:47:47,831[INFO]justtest : /toastr.js.map
2017-07-15 14:49:54,986[INFO]justtest : /form/
2017-07-15 14:49:55,101[INFO]justtest : /pages/serviceShow/service_manage.html
2017-07-15 14:50:21,290[INFO]justtest : /form/
2017-07-15 14:50:21,401[INFO]justtest : /pages/serviceShow/service_manage.html
2017-07-15 14:50:51,694[INFO]justtest : /form/
2017-07-15 14:50:51,796[INFO]justtest : /pages/serviceShow/service_manage.html
2017-07-15 14:50:55,739[INFO]justtest : /toastr.js.map
2017-07-15 14:51:36,800[INFO]justtest : /form/
2017-07-15 14:51:37,080[INFO]justtest : /pages/serviceShow/service_manage.html
2017-07-15 14:51:37,127[INFO]justtest : /toastr.js.map
2017-07-15 14:53:11,530[INFO]justtest : /form/
2017-07-15 14:53:11,672[INFO]justtest : /pages/serviceShow/service_manage.html
2017-07-15 14:53:18,620[INFO]justtest : /toastr.js.map
2017-07-15 14:53:57,495[INFO]justtest : /form/
2017-07-15 14:53:57,793[INFO]justtest : /pages/serviceShow/service_manage.html
2017-07-15 14:53:57,837[INFO]justtest : /toastr.js.map
2017-07-15 14:55:40,104[INFO]justtest : /form/
2017-07-15 14:55:40,246[INFO]justtest : /pages/serviceShow/service_manage.html
2017-07-15 14:55:54,416[INFO]justtest : /form/
2017-07-15 14:55:54,509[INFO]justtest : /pages/serviceShow/service_manage.html
2017-07-15 15:07:01,291[INFO]justtest : /form/
2017-07-15 15:07:01,387[INFO]justtest : /pages/serviceShow/service_manage.html
2017-07-15 15:16:11,813[INFO]justtest : /form/
2017-07-15 15:16:11,914[INFO]justtest : /pages/serviceShow/service_manage.html
2017-07-15 15:16:39,445[INFO]justtest : /form/
2017-07-15 15:16:39,542[INFO]justtest : /pages/serviceShow/service_manage.html
2017-07-15 15:17:03,102[INFO]justtest : /form/
2017-07-15 15:17:03,209[INFO]justtest : /pages/serviceShow/service_manage.html
2017-07-15 15:17:12,907[INFO]justtest : /form/
2017-07-15 15:17:13,016[INFO]justtest : /pages/serviceShow/service_manage.html
2017-07-15 15:17:28,247[INFO]justtest : /form/
2017-07-15 15:17:28,358[INFO]justtest : /pages/serviceShow/service_manage.html
2017-07-15 15:17:52,175[INFO]justtest : /form/
2017-07-15 15:17:52,279[INFO]justtest : /pages/serviceShow/service_manage.html
2017-07-15 15:18:29,850[INFO]justtest : /form/
2017-07-15 15:18:29,950[INFO]justtest : /pages/serviceShow/service_manage.html
2017-07-15 15:18:48,599[INFO]justtest : /form/
2017-07-15 15:18:48,702[INFO]justtest : /pages/serviceShow/service_manage.html
2017-07-15 15:19:02,162[INFO]justtest : /toastr.js.map
2017-07-15 15:19:33,132[INFO]justtest : /form/
2017-07-15 15:19:33,236[INFO]justtest : /pages/serviceShow/service_manage.html
2017-07-15 15:19:38,103[INFO]justtest : /form/
2017-07-15 15:19:38,113[INFO]justtest : /login/
2017-07-15 15:19:38,147[INFO]justtest : /check_code/
2017-07-15 15:19:47,336[INFO]justtest : /onload/
2017-07-15 15:19:47,388[INFO]justtest : /form/
2017-07-15 15:19:47,487[INFO]justtest : /pages/serviceShow/service_manage.html
2017-07-15 15:21:13,017[INFO]justtest : /form/
2017-07-15 15:21:13,113[INFO]justtest : /pages/serviceShow/service_manage.html
2017-07-15 15:21:22,449[INFO]justtest : /form/
2017-07-15 15:21:22,556[INFO]justtest : /pages/serviceShow/service_manage.html
2017-07-15 15:22:40,972[INFO]justtest : /form/
2017-07-15 15:22:41,073[INFO]justtest : /pages/serviceShow/service_manage.html
2017-07-15 15:22:55,805[INFO]justtest : /form/
2017-07-15 15:22:55,909[INFO]justtest : /pages/serviceShow/service_manage.html
2017-07-15 15:23:13,435[INFO]justtest : /form/
2017-07-15 15:23:13,540[INFO]justtest : /pages/serviceShow/service_manage.html
2017-07-15 15:23:23,903[INFO]justtest : /form/
2017-07-15 15:23:24,008[INFO]justtest : /pages/serviceShow/service_manage.html
2017-07-15 15:25:33,722[INFO]justtest : /form/
2017-07-15 15:25:33,822[INFO]justtest : /pages/serviceShow/service_manage.html
2017-07-15 15:25:47,920[INFO]justtest : /form/
2017-07-15 15:25:48,020[INFO]justtest : /pages/serviceShow/service_manage.html
2017-07-15 15:26:31,881[INFO]justtest : /form/
2017-07-15 15:26:31,991[INFO]justtest : /pages/serviceShow/service_manage.html
2017-07-15 15:27:29,089[INFO]justtest : /form/
2017-07-15 15:27:29,183[INFO]justtest : /pages/serviceShow/service_manage.html
2017-07-15 15:27:42,403[INFO]justtest : /form/
2017-07-15 15:27:42,521[INFO]justtest : /pages/serviceShow/service_manage.html
2017-07-15 15:28:57,563[INFO]justtest : /form/
2017-07-15 15:28:57,665[INFO]justtest : /pages/serviceShow/service_manage.html
2017-07-15 15:35:07,286[INFO]justtest : /form/
2017-07-15 15:35:07,384[INFO]justtest : /pages/serviceShow/service_manage.html
2017-07-15 15:57:59,705[INFO]justtest : /form/
2017-07-15 15:57:59,816[INFO]justtest : /pages/serviceShow/service_manage.html
2017-07-15 15:58:12,968[INFO]justtest : /form/
2017-07-15 15:58:13,085[INFO]justtest : /pages/serviceShow/service_manage.html
2017-07-17 18:38:18,919[INFO]justtest : /login/
2017-07-17 18:38:19,045[INFO]justtest : /check_code/
2017-07-17 18:38:27,960[INFO]justtest : /onload/
2017-07-17 18:38:27,980[INFO]justtest : /form/
2017-07-17 18:38:28,358[INFO]justtest : /pages/serviceShow/service_manage.html
2017-07-17 18:38:28,764[INFO]justtest : /favicon.ico
2017-07-17 18:39:18,670[INFO]justtest : /form/
2017-07-17 18:39:18,813[INFO]justtest : /pages/serviceShow/service_manage.html
2017-07-17 18:39:36,134[INFO]justtest : /form/
2017-07-17 18:39:36,237[INFO]justtest : /pages/serviceShow/service_manage.html
2017-07-17 18:39:50,885[INFO]justtest : /form/
2017-07-17 18:39:50,990[INFO]justtest : /pages/serviceShow/service_manage.html
2017-07-17 18:40:36,830[INFO]justtest : /form/
2017-07-17 18:40:36,932[INFO]justtest : /pages/serviceShow/service_manage.html
2017-07-17 18:40:51,895[INFO]justtest : /form/
2017-07-17 18:40:52,008[INFO]justtest : /pages/serviceShow/service_manage.html
2017-07-17 18:41:01,223[INFO]justtest : /form/
2017-07-17 18:41:01,294[INFO]justtest : /pages/serviceShow/service_manage.html
2017-07-17 18:41:26,656[INFO]justtest : /form/
2017-07-17 18:41:26,730[INFO]justtest : /pages/serviceShow/service_manage.html
2017-07-17 18:41:34,808[INFO]justtest : /form/
2017-07-17 18:41:34,888[INFO]justtest : /pages/serviceShow/service_manage.html
2017-07-17 18:42:55,311[INFO]justtest : /form/
2017-07-17 18:42:55,412[INFO]justtest : /pages/serviceShow/service_manage.html
2017-07-17 18:43:05,352[INFO]justtest : /form/
2017-07-17 18:43:05,452[INFO]justtest : /pages/serviceShow/service_manage.html
2017-07-17 18:43:14,007[INFO]justtest : /form/
2017-07-17 18:43:14,081[INFO]justtest : /pages/serviceShow/service_manage.html
2017-07-17 18:49:54,895[INFO]justtest : /form/
2017-07-17 18:49:54,978[INFO]justtest : /pages/serviceShow/service_manage.html
2017-07-17 18:51:37,387[INFO]justtest : /form/
2017-07-17 18:51:37,522[INFO]justtest : /pages/system/FirstPage.html
2017-07-17 18:51:37,609[INFO]justtest : /pages/system/img/profile_small.jpg
2017-07-17 18:51:37,619[INFO]justtest : /pages/system/img/a7.jpg
2017-07-17 18:51:37,630[INFO]justtest : /pages/system/img/a4.jpg
2017-07-17 18:51:37,650[INFO]justtest : /pages/system/img/profile.jpg
2017-07-17 18:53:56,570[INFO]justtest : /form/
2017-07-17 18:53:56,670[INFO]justtest : /pages/system/FirstPage.html
2017-07-17 18:54:24,790[INFO]justtest : /form/
2017-07-17 18:54:24,883[INFO]justtest : /pages/system/FirstPage.html
2017-07-17 18:54:35,937[INFO]justtest : /form/
2017-07-17 18:54:36,037[INFO]justtest : /pages/system/FirstPage.html
2017-07-17 18:54:53,782[INFO]justtest : /form/
2017-07-17 18:54:53,878[INFO]justtest : /pages/system/FirstPage.html
2017-07-17 18:55:02,878[INFO]justtest : /form/
2017-07-17 18:55:02,986[INFO]justtest : /pages/system/FirstPage.html
2017-07-17 18:55:30,103[INFO]justtest : /form/
2017-07-17 18:55:30,201[INFO]justtest : /pages/system/FirstPage.html
2017-07-17 18:55:48,523[INFO]justtest : /form/
2017-07-17 18:55:48,621[INFO]justtest : /pages/system/FirstPage.html
2017-07-17 18:56:44,369[INFO]justtest : /form/
2017-07-17 18:56:44,468[INFO]justtest : /pages/system/FirstPage.html
2017-07-17 18:57:14,954[INFO]justtest : /form/
2017-07-17 18:57:15,051[INFO]justtest : /pages/system/FirstPage.html
2017-07-17 18:57:43,987[INFO]justtest : /form/
2017-07-17 18:57:44,082[INFO]justtest : /pages/system/FirstPage.html
2017-07-17 18:57:57,307[INFO]justtest : /form/
2017-07-17 18:57:57,405[INFO]justtest : /pages/system/FirstPage.html
2017-07-17 18:58:17,274[INFO]justtest : /form/
2017-07-17 18:58:17,366[INFO]justtest : /pages/system/FirstPage.html
2017-07-17 18:59:43,974[INFO]justtest : /form/
2017-07-17 18:59:44,074[INFO]justtest : /pages/system/FirstPage.html
2017-07-17 19:01:13,526[INFO]justtest : /form/
2017-07-17 19:01:13,626[INFO]justtest : /pages/system/FirstPage.html
2017-07-17 19:01:35,534[INFO]justtest : /form/
2017-07-17 19:01:35,635[INFO]justtest : /pages/system/FirstPage.html
2017-07-17 19:02:10,239[INFO]justtest : /form/
2017-07-17 19:02:10,326[INFO]justtest : /pages/system/FirstPage.html
2017-07-17 19:02:37,867[INFO]justtest : /form/
2017-07-17 19:02:37,965[INFO]justtest : /pages/system/FirstPage.html
2017-07-17 19:03:00,352[INFO]justtest : /form/
2017-07-17 19:03:00,452[INFO]justtest : /pages/system/FirstPage.html
2017-07-17 19:03:21,113[INFO]justtest : /form/
2017-07-17 19:03:21,211[INFO]justtest : /pages/system/FirstPage.html
2017-07-17 19:04:53,859[INFO]justtest : /form/
2017-07-17 19:04:53,955[INFO]justtest : /pages/system/FirstPage.html
2017-07-17 19:05:40,389[INFO]justtest : /form/
2017-07-17 19:05:40,490[INFO]justtest : /pages/system/FirstPage.html
2017-07-17 19:05:52,781[INFO]justtest : /form/
2017-07-17 19:05:52,877[INFO]justtest : /pages/system/FirstPage.html
2017-07-17 19:07:22,695[INFO]justtest : /form/
2017-07-17 19:07:22,795[INFO]justtest : /pages/system/FirstPage.html
2017-07-17 19:07:44,038[INFO]justtest : /form/
2017-07-17 19:07:44,133[INFO]justtest : /pages/system/FirstPage.html
2017-07-17 19:13:19,244[INFO]justtest : /form/dataManage.html
2017-07-17 19:13:19,396[INFO]justtest : /dayData/
2017-07-17 19:14:41,020[INFO]justtest : /form/
2017-07-17 19:14:41,132[INFO]justtest : /pages/system/FirstPage.html
2017-07-17 19:14:47,195[INFO]justtest : /form/
2017-07-17 19:14:47,265[INFO]justtest : /pages/system/FirstPage.html
2017-07-17 19:14:56,876[INFO]justtest : /form/
2017-07-17 19:14:56,978[INFO]justtest : /pages/system/FirstPage.html
2017-07-17 19:15:20,062[INFO]justtest : /form/
2017-07-17 19:15:20,161[INFO]justtest : /pages/system/FirstPage.html
2017-07-17 19:17:11,048[INFO]justtest : /form/
2017-07-17 19:17:11,145[INFO]justtest : /pages/system/FirstPage.html
2017-07-17 19:17:22,801[INFO]justtest : /form/
2017-07-17 19:17:22,894[INFO]justtest : /pages/system/FirstPage.html
2017-07-17 19:17:31,314[INFO]justtest : /form/
2017-07-17 19:17:31,390[INFO]justtest : /pages/system/FirstPage.html
2017-07-17 19:17:49,025[INFO]justtest : /form/
2017-07-17 19:17:49,116[INFO]justtest : /pages/system/FirstPage.html
2017-07-17 19:17:55,887[INFO]justtest : /form/
2017-07-17 19:17:55,954[INFO]justtest : /pages/system/FirstPage.html
2017-07-17 19:18:07,159[INFO]justtest : /form/
2017-07-17 19:18:07,262[INFO]justtest : /pages/system/FirstPage.html
2017-07-17 19:19:51,517[INFO]justtest : /form/
2017-07-17 19:19:51,623[INFO]justtest : /pages/system/FirstPage.html
2017-07-17 19:20:11,518[INFO]justtest : /form/
2017-07-17 19:20:11,613[INFO]justtest : /pages/system/FirstPage.html
2017-07-26 16:08:13,774[INFO]justtest : /login/
2017-07-26 16:08:13,907[INFO]justtest : /check_code/
2017-07-26 16:08:22,736[INFO]justtest : /onload/
2017-07-26 16:08:22,756[INFO]justtest : /form/
2017-07-26 16:08:22,972[INFO]justtest : /pages/system/FirstPage.html
2017-07-26 16:08:23,469[INFO]justtest : /favicon.ico
2017-07-26 16:08:25,940[INFO]justtest : /hostId/
2017-07-26 16:09:48,478[INFO]justtest : /form/
2017-07-26 16:09:48,658[INFO]justtest : /pages/system/FirstPage.html
2017-07-26 16:09:50,274[INFO]justtest : /hostId/
2017-07-26 16:09:50,612[INFO]justtest : /firstAnayse/
2017-07-26 16:30:17,802[INFO]justtest : /form/
2017-07-26 16:30:17,968[INFO]justtest : /pages/system/FirstPage.html
2017-07-26 16:30:20,076[INFO]justtest : /hostId/
2017-07-26 16:31:06,123[INFO]justtest : /form/
2017-07-26 16:31:06,235[INFO]justtest : /pages/system/FirstPage.html
2017-07-26 16:31:08,007[INFO]justtest : /hostId/
2017-07-26 16:31:42,471[INFO]justtest : /form/
2017-07-26 16:31:42,666[INFO]justtest : /pages/system/FirstPage.html
2017-07-26 16:31:44,275[INFO]justtest : /hostId/
2017-07-26 16:32:32,478[INFO]justtest : /form/
2017-07-26 16:32:32,608[INFO]justtest : /pages/system/FirstPage.html
2017-07-26 16:32:33,978[INFO]justtest : /hostId/
2017-07-26 16:33:28,129[INFO]justtest : /form/
2017-07-26 16:33:28,313[INFO]justtest : /pages/system/FirstPage.html
2017-07-26 16:33:29,758[INFO]justtest : /hostId/
2017-07-26 16:34:27,604[INFO]justtest : /form/
2017-07-26 16:34:27,726[INFO]justtest : /pages/system/FirstPage.html
2017-07-26 16:34:29,147[INFO]justtest : /hostId/
2017-07-26 16:34:51,917[INFO]justtest : /hostId/
2017-07-26 16:34:52,363[INFO]justtest : /firstAnayse/
2017-07-26 16:37:39,891[INFO]justtest : /form/
2017-07-26 16:37:40,018[INFO]justtest : /pages/system/FirstPage.html
2017-07-26 16:37:41,467[INFO]justtest : /hostId/
2017-07-26 16:37:41,758[INFO]justtest : /firstAnayse/
2017-07-26 16:37:55,851[INFO]justtest : /form/
2017-07-26 16:37:55,968[INFO]justtest : /pages/system/FirstPage.html
2017-07-26 16:37:57,411[INFO]justtest : /hostId/
2017-07-26 16:37:57,697[INFO]justtest : /firstAnayse/
2017-07-26 16:38:33,066[INFO]justtest : /firstAnayse/
2017-07-26 16:41:32,207[INFO]justtest : /form/
2017-07-26 16:41:32,361[INFO]justtest : /pages/system/FirstPage.html
2017-07-26 16:41:33,964[INFO]justtest : /hostId/
2017-07-26 16:41:34,228[INFO]justtest : /firstAnayse/
2017-07-26 16:41:39,323[INFO]justtest : /firstAnayse/
2017-07-26 16:44:46,903[INFO]justtest : /form/
2017-07-26 16:44:47,053[INFO]justtest : /pages/system/FirstPage.html
2017-07-26 16:44:48,726[INFO]justtest : /hostId/
2017-07-26 16:44:48,980[INFO]justtest : /firstAnayse/
2017-07-26 16:44:53,950[INFO]justtest : /firstAnayse/
2017-07-26 16:46:04,034[INFO]justtest : /form/
2017-07-26 16:46:04,172[INFO]justtest : /pages/system/FirstPage.html
2017-07-26 16:46:05,567[INFO]justtest : /serverlist/
2017-07-26 16:46:10,502[INFO]justtest : /hostId/
2017-07-26 16:46:10,749[INFO]justtest : /firstAnayse/
2017-07-26 16:46:14,871[INFO]justtest : /firstAnayse/
2017-07-26 16:46:49,206[INFO]justtest : /form/
2017-07-26 16:46:49,425[INFO]justtest : /pages/system/FirstPage.html
2017-07-26 16:46:52,935[INFO]justtest : /hostId/
2017-07-26 16:46:53,191[INFO]justtest : /firstAnayse/
2017-07-26 16:46:59,384[INFO]justtest : /firstAnayse/
2017-07-26 16:47:29,739[INFO]justtest : /form/
2017-07-26 16:47:29,853[INFO]justtest : /pages/system/FirstPage.html
2017-07-26 16:47:31,593[INFO]justtest : /hostId/
2017-07-26 16:47:31,842[INFO]justtest : /firstAnayse/
2017-07-26 16:47:36,127[INFO]justtest : /firstAnayse/
2017-07-26 16:49:14,693[INFO]justtest : /form/
2017-07-26 16:49:14,868[INFO]justtest : /pages/system/FirstPage.html
2017-07-26 16:49:16,469[INFO]justtest : /hostId/
2017-07-26 16:49:16,721[INFO]justtest : /firstAnayse/
2017-07-26 16:49:20,804[INFO]justtest : /firstAnayse/
2017-07-26 16:49:59,324[INFO]justtest : /form/
2017-07-26 16:49:59,500[INFO]justtest : /pages/system/FirstPage.html
2017-07-26 16:50:02,634[INFO]justtest : /hostId/
2017-07-26 16:50:02,930[INFO]justtest : /firstAnayse/
2017-07-26 16:50:08,986[INFO]justtest : /firstAnayse/
2017-07-26 16:50:46,456[INFO]justtest : /form/
2017-07-26 16:50:46,592[INFO]justtest : /pages/system/FirstPage.html
2017-07-26 16:50:48,246[INFO]justtest : /hostId/
2017-07-26 16:50:48,487[INFO]justtest : /firstAnayse/
2017-07-26 16:50:57,482[INFO]justtest : /firstAnayse/
2017-07-26 16:51:07,670[INFO]justtest : /firstAnayse/
2017-07-26 16:51:46,786[INFO]justtest : /form/
2017-07-26 16:51:46,980[INFO]justtest : /pages/system/FirstPage.html
2017-07-26 16:51:52,706[INFO]justtest : /form/
2017-07-26 16:51:52,784[INFO]justtest : /pages/system/FirstPage.html
2017-07-26 16:51:54,197[INFO]justtest : /hostId/
2017-07-26 16:51:54,460[INFO]justtest : /firstAnayse/
2017-07-26 16:52:00,397[INFO]justtest : /firstAnayse/
2017-07-26 16:52:59,379[INFO]justtest : /form/
2017-07-26 16:52:59,497[INFO]justtest : /pages/system/FirstPage.html
2017-07-26 16:53:00,967[INFO]justtest : /hostId/
2017-07-26 16:53:01,304[INFO]justtest : /firstAnayse/
2017-07-26 16:53:07,846[INFO]justtest : /firstAnayse/
2017-07-26 16:53:16,614[INFO]justtest : /hostId/
2017-07-26 16:53:16,834[INFO]justtest : /firstAnayse/
2017-07-26 16:53:24,015[INFO]justtest : /firstAnayse/
2017-07-26 16:53:36,203[INFO]justtest : /form/
2017-07-26 16:53:36,316[INFO]justtest : /pages/system/FirstPage.html
2017-07-26 16:53:37,867[INFO]justtest : /hostId/
2017-07-26 16:53:38,101[INFO]justtest : /firstAnayse/
2017-07-26 16:53:43,764[INFO]justtest : /firstAnayse/
2017-07-26 16:53:53,664[INFO]justtest : /firstAnayse/
2017-07-26 16:54:04,082[INFO]justtest : /firstAnayse/
2017-07-26 16:54:15,401[INFO]justtest : /firstAnayse/
2017-07-26 16:54:24,528[INFO]justtest : /firstAnayse/
2017-07-26 16:54:30,951[INFO]justtest : /firstAnayse/
2017-07-26 16:54:40,616[INFO]justtest : /firstAnayse/
2017-07-26 16:54:47,741[INFO]justtest : /firstAnayse/
2017-07-26 16:54:54,000[INFO]justtest : /firstAnayse/
2017-07-26 16:54:59,126[INFO]justtest : /firstAnayse/
2017-07-26 16:55:08,069[INFO]justtest : /firstAnayse/
2017-07-26 16:55:13,315[INFO]justtest : /firstAnayse/
2017-07-26 16:55:24,757[INFO]justtest : /firstAnayse/
2017-07-26 16:56:19,179[INFO]justtest : /form/
2017-07-26 16:56:19,507[INFO]justtest : /pages/system/FirstPage.html
2017-07-26 16:56:21,516[INFO]justtest : /hostId/
2017-07-26 16:56:21,759[INFO]justtest : /firstAnayse/
2017-07-26 16:56:32,342[INFO]justtest : /firstAnayse/
2017-07-26 16:58:35,866[INFO]justtest : /hostId/
2017-07-26 16:58:36,143[INFO]justtest : /firstAnayse/
2017-07-26 17:00:38,076[INFO]justtest : /form/
2017-07-26 17:00:38,223[INFO]justtest : /pages/system/FirstPage.html
2017-07-26 17:00:39,714[INFO]justtest : /hostId/
2017-07-26 17:00:39,967[INFO]justtest : /firstAnayse/
2017-07-26 17:00:47,729[INFO]justtest : /firstAnayse/
2017-07-26 17:03:03,947[INFO]justtest : /form/
2017-07-26 17:03:04,125[INFO]justtest : /pages/system/FirstPage.html
2017-07-26 17:03:05,740[INFO]justtest : /hostId/
2017-07-26 17:03:05,981[INFO]justtest : /firstAnayse/
2017-07-26 17:03:11,918[INFO]justtest : /firstAnayse/
2017-07-26 17:03:18,010[INFO]justtest : /firstAnayse/
2017-07-28 13:56:36,464[INFO]justtest : /login/
2017-07-28 13:56:36,591[INFO]justtest : /check_code/
2017-07-28 13:56:46,865[INFO]justtest : /onload/
2017-07-28 13:56:46,886[INFO]justtest : /form/
2017-07-28 13:56:47,153[INFO]justtest : /pages/system/FirstPage.html
2017-07-28 13:56:47,588[INFO]justtest : /favicon.ico
2017-07-28 13:56:52,182[INFO]justtest : /serverlist/
2017-07-28 14:04:00,071[INFO]justtest : /form/
2017-07-28 14:04:00,194[INFO]justtest : /pages/system/FirstPage.html
2017-07-28 14:04:03,091[INFO]justtest : /serverlist/
2017-07-28 14:04:47,505[INFO]justtest : /form/
2017-07-28 14:04:47,592[INFO]justtest : /pages/system/FirstPage.html
2017-07-28 14:04:49,948[INFO]justtest : /serverlist/
2017-07-28 14:05:11,746[INFO]justtest : /form/
2017-07-28 14:05:11,827[INFO]justtest : /pages/system/FirstPage.html
2017-07-28 14:05:13,625[INFO]justtest : /serverlist/
2017-07-28 14:05:32,745[INFO]justtest : /serverlist/
2017-07-28 14:25:41,699[INFO]justtest : /form/
2017-07-28 14:25:41,787[INFO]justtest : /pages/system/FirstPage.html
2017-07-28 14:25:43,665[INFO]justtest : /serverlist/
2017-07-28 14:26:26,699[INFO]justtest : /serverlist/
2017-07-28 14:26:49,466[INFO]justtest : /form/
2017-07-28 14:26:49,546[INFO]justtest : /pages/system/FirstPage.html
2017-07-28 14:26:50,991[INFO]justtest : /serverlist/
2017-07-28 14:27:53,181[INFO]justtest : /form/
2017-07-28 14:27:53,279[INFO]justtest : /pages/system/FirstPage.html
2017-07-28 14:27:55,517[INFO]justtest : /hostId/
2017-07-28 14:27:55,828[INFO]justtest : /firstAnayse/
2017-07-28 14:27:57,984[INFO]justtest : /serverlist/
2017-07-28 14:37:34,100[INFO]justtest : /form/
2017-07-28 14:37:34,268[INFO]justtest : /pages/system/FirstPage.html
2017-07-28 14:37:35,671[INFO]justtest : /serverlist/
2017-07-28 15:02:26,119[INFO]justtest : /servercatalog/
2017-08-02 15:46:52,043[INFO]justtest : /
2017-08-02 15:46:52,056[INFO]justtest : /login/
2017-08-02 15:46:52,284[INFO]justtest : /check_code/
2017-08-02 15:47:01,262[INFO]justtest : /onload/
2017-08-02 15:47:01,281[INFO]justtest : /form/
2017-08-02 15:47:01,647[INFO]justtest : /pages/system/FirstPage.html
2017-08-02 15:47:02,043[INFO]justtest : /favicon.ico
2017-08-02 15:47:02,062[INFO]justtest : /favicon.ico
2017-08-02 15:47:50,048[INFO]justtest : /form/
2017-08-02 15:47:50,242[INFO]justtest : /pages/system/FirstPage.html
2017-08-02 15:47:53,911[INFO]justtest : /form/dataManage.html
2017-08-02 15:47:54,416[INFO]justtest : /dayData/
2017-08-02 15:48:15,758[INFO]justtest : /form/
2017-08-02 15:48:16,020[INFO]justtest : /pages/system/FirstPage.html
2017-08-02 15:48:18,887[INFO]justtest : /form/dataManage.html
2017-08-02 15:48:19,249[INFO]justtest : /dayData/
2017-08-02 15:48:23,702[INFO]justtest : /selectPort/
2017-09-25 14:14:38,353[INFO]justtest : /
2017-09-25 14:14:38,364[INFO]justtest : /login/
2017-09-25 14:14:38,411[INFO]justtest : /check_code/
2017-10-26 14:27:12,848[INFO]justtest : /
2017-10-26 14:27:12,852[INFO]justtest : /login/
2017-10-26 14:27:13,052[INFO]justtest : /check_code/
2017-10-26 14:27:25,832[INFO]justtest : /onload/
2017-10-26 14:27:25,848[INFO]justtest : /form/
2017-10-26 14:27:26,272[INFO]justtest : /pages/system/FirstPage.html
2017-10-26 14:27:26,745[INFO]justtest : /favicon.ico
2017-10-26 14:27:34,146[INFO]justtest : /selectPort/
2017-10-26 14:27:37,854[INFO]justtest : /form/dataManage.html
2017-10-26 14:27:38,001[INFO]justtest : /dayData/
2017-10-26 14:27:47,314[INFO]justtest : /daymanage/
2017-10-26 14:28:43,399[INFO]justtest : /form/
2017-10-26 14:28:43,542[INFO]justtest : /pages/system/FirstPage.html
2017-10-26 14:28:45,531[INFO]justtest : /form/dataManage.html
2017-10-26 14:28:45,657[INFO]justtest : /dayData/
2017-10-26 14:28:47,475[INFO]justtest : /daymanage/
2017-10-26 14:28:49,547[INFO]justtest : /selectPort/
2017-10-26 14:28:51,403[INFO]justtest : /hostId/
2017-10-26 14:28:56,270[INFO]justtest : /serverlist/
2017-10-26 14:28:58,013[INFO]justtest : /toSoftware/
2017-10-26 14:28:59,908[INFO]justtest : /serverlist/
2017-10-26 16:42:29,429[INFO]justtest : /servercatalog/
2017-10-26 16:42:29,439[INFO]justtest : /login/
2017-10-26 16:42:33,045[INFO]justtest : /serverlist/
2017-10-26 16:42:33,051[INFO]justtest : /login/
2017-10-26 16:42:33,065[INFO]justtest : /check_code/
2017-10-26 16:42:35,099[INFO]justtest : /form/
2017-10-26 16:42:35,109[INFO]justtest : /login/
2017-10-26 16:42:35,126[INFO]justtest : /check_code/
2017-10-26 16:42:45,237[INFO]justtest : /onload/
2017-10-26 16:42:45,248[INFO]justtest : /form/
2017-10-26 16:42:45,377[INFO]justtest : /pages/system/FirstPage.html
2017-10-26 16:42:48,681[INFO]justtest : /serverlist/
2017-10-26 16:42:49,841[INFO]justtest : /servercatalog/
2017-10-26 16:42:52,916[INFO]justtest : /servercatalog/
2017-10-26 16:42:55,881[INFO]justtest : /servercatalog/
2017-10-26 16:42:57,884[INFO]justtest : /servercatalog/
2017-10-27 10:06:29,263[INFO]justtest : /
2017-10-27 10:06:29,272[INFO]justtest : /login/
2017-10-27 10:06:29,327[INFO]justtest : /check_code/
2017-10-27 10:06:36,513[INFO]justtest : /login/
2017-10-27 10:06:36,840[INFO]justtest : /check_code/
2017-10-27 10:06:55,234[INFO]justtest : /onload/
2017-10-27 10:06:57,529[INFO]justtest : /check_code/
2017-10-27 10:07:01,499[INFO]justtest : /onload/
2017-10-27 10:07:07,877[INFO]justtest : /check_code/
2017-10-27 10:07:12,246[INFO]justtest : /onload/
2017-10-27 10:07:12,259[INFO]justtest : /form/
2017-10-27 10:07:12,625[INFO]justtest : /pages/system/FirstPage.html
2017-10-27 10:07:13,162[INFO]justtest : /favicon.ico
2017-10-27 10:07:18,487[INFO]justtest : /selectPort/
2017-10-27 10:07:20,584[INFO]justtest : /form/dataManage.html
2017-10-27 10:07:20,809[INFO]justtest : /dayData/
2017-10-27 10:07:26,730[INFO]justtest : /form/logMonitor.html
2017-10-27 10:08:31,982[INFO]justtest : /form/
2017-10-27 10:08:32,213[INFO]justtest : /pages/system/FirstPage.html
2017-10-27 10:08:38,545[INFO]justtest : /login/
2017-10-27 10:08:38,592[INFO]justtest : /check_code/
2017-10-27 10:08:47,854[INFO]justtest : /onload/
2017-10-27 10:08:47,881[INFO]justtest : /form/
2017-10-27 10:08:48,088[INFO]justtest : /pages/system/FirstPage.html
2017-10-27 10:44:44,280[INFO]justtest : /login/
2017-10-27 10:44:44,345[INFO]justtest : /check_code/
2017-10-27 10:44:53,434[INFO]justtest : /onload/
2017-10-27 10:44:53,450[INFO]justtest : /form/
2017-10-27 10:44:53,638[INFO]justtest : /pages/system/FirstPage.html
2017-10-27 10:44:56,041[INFO]justtest : /jenkinsList/
2017-10-27 10:50:05,634[INFO]justtest : /jenkinsList/
2017-10-27 10:51:02,982[INFO]justtest : /jenkinsList/
2017-10-27 10:51:48,565[INFO]justtest : /jenkinsList/
2017-10-27 11:01:28,372[INFO]justtest : /jenkinsList/
2017-10-27 11:01:30,386[INFO]justtest : /jenkinsList/
2017-10-27 11:02:25,569[INFO]justtest : /jenkinsList/
2017-10-27 11:03:24,870[INFO]justtest : /jenkinsList/
2017-10-27 11:12:30,889[INFO]justtest : /form/dataManage.html
2017-10-27 11:12:31,178[INFO]justtest : /dayData/
2017-10-27 11:12:34,586[INFO]justtest : /selectPort/
2017-10-27 11:12:36,677[INFO]justtest : /hostId/
2017-10-27 11:12:38,097[INFO]justtest : /form/logMonitor.html
2017-10-27 11:12:39,439[INFO]justtest : /hostId/
2017-10-27 11:12:41,512[INFO]justtest : /serverlist/
2017-10-27 11:12:53,622[INFO]justtest : /daymanage/
2017-10-27 11:15:48,024[INFO]justtest : /jenkinsList/
2017-10-27 11:19:02,629[INFO]justtest : /jenkinsList/
2017-10-27 11:19:15,439[INFO]justtest : /jenkinsList/
2017-10-27 11:19:29,179[INFO]justtest : /jenkinsList/
2017-10-27 11:19:35,848[INFO]justtest : /jenkinsList/
2017-10-27 11:19:50,868[INFO]justtest : /jenkinsList/
2017-10-27 11:23:36,100[INFO]justtest : /jenkinsList/
2017-10-27 11:23:57,307[INFO]justtest : /jenkinsList/
2017-10-27 11:29:28,940[INFO]justtest : /jenkinsList/
2017-10-27 11:30:33,951[INFO]justtest : /jenkinsList/
2017-10-27 11:30:53,970[INFO]justtest : /jenkinsList/
2017-10-27 11:31:12,426[INFO]justtest : /jenkinsList/
2017-10-27 14:16:45,914[INFO]justtest : /jenkinsList/
2017-10-27 14:16:45,925[INFO]justtest : /login/
2017-10-27 14:16:45,958[INFO]justtest : /check_code/
2017-10-27 14:16:47,897[INFO]justtest : /jenkinsList/
2017-10-27 14:16:47,904[INFO]justtest : /login/
2017-10-27 14:16:47,919[INFO]justtest : /check_code/
2017-10-27 14:16:49,055[INFO]justtest : /form/
2017-10-27 14:16:49,065[INFO]justtest : /login/
2017-10-27 14:16:49,088[INFO]justtest : /check_code/
2017-10-27 14:16:56,784[INFO]justtest : /onload/
2017-10-27 14:16:59,148[INFO]justtest : /check_code/
2017-10-27 14:17:06,013[INFO]justtest : /onload/
2017-10-27 14:17:06,025[INFO]justtest : /form/
2017-10-27 14:17:06,156[INFO]justtest : /pages/system/FirstPage.html
2017-10-27 14:17:08,255[INFO]justtest : /jenkinsList/
2017-10-27 14:18:02,105[INFO]justtest : /jenkinsList/
2017-10-27 14:19:23,800[INFO]justtest : /jenkinsList/
2017-10-27 14:21:14,592[INFO]justtest : /jenkinsList/
2017-10-27 14:21:22,149[INFO]justtest : /jenkinsList/
2017-10-27 14:42:09,712[INFO]justtest : /jenkinsList/
2017-10-27 14:42:30,614[INFO]justtest : /jenkinsList/
2017-10-27 14:43:20,720[INFO]justtest : /jenkinsList/
2017-10-27 14:43:46,474[INFO]justtest : /jenkinsList/
2017-10-27 14:54:09,872[INFO]justtest : /jenkinsList/
2017-10-27 14:54:41,554[INFO]justtest : /jenkinsList/
2017-10-27 15:05:12,556[INFO]justtest : /serverlist/
2017-10-27 15:05:14,297[INFO]justtest : /toSoftware/
2017-10-27 15:05:23,750[INFO]justtest : /selectPort/
2017-10-27 15:05:26,164[INFO]justtest : /changePortPage/
2017-10-27 15:05:27,513[INFO]justtest : /changePortPage/
2017-10-27 15:11:45,173[INFO]justtest : /jenkinsList/
2017-10-27 15:11:48,027[INFO]justtest : /jenkinsChange/
2017-10-27 15:13:09,299[INFO]justtest : /jenkinsList/
2017-10-27 15:13:11,552[INFO]justtest : /jenkinsChange/
2017-10-27 15:13:36,338[INFO]justtest : /jenkinsList/
2017-10-27 15:13:38,568[INFO]justtest : /jenkinsChange/
2017-10-27 15:13:57,534[INFO]justtest : /jenkinsList/
2017-10-27 15:13:59,980[INFO]justtest : /jenkinsChange/
2017-10-27 15:14:56,201[INFO]justtest : /jenkinsList/
2017-10-27 15:14:58,350[INFO]justtest : /jenkinsChange/
2017-10-27 15:19:09,270[INFO]justtest : /jenkinsList/
2017-10-27 15:19:11,500[INFO]justtest : /jenkinsChange/
2017-10-27 15:50:32,700[INFO]justtest : /jenkinsList/
2017-10-27 15:50:32,706[INFO]justtest : /login/
2017-10-27 15:50:32,730[INFO]justtest : /check_code/
2017-10-27 15:50:34,592[INFO]justtest : /form/
2017-10-27 15:50:34,610[INFO]justtest : /login/
2017-10-27 15:50:34,637[INFO]justtest : /check_code/
2017-10-27 15:50:43,499[INFO]justtest : /onload/
2017-10-27 15:50:43,513[INFO]justtest : /form/
2017-10-27 15:50:43,660[INFO]justtest : /pages/system/FirstPage.html
2017-10-27 15:50:45,432[INFO]justtest : /jenkinsList/
2017-10-27 15:50:48,371[INFO]justtest : /jenkinsChange/
2017-10-27 15:51:37,738[INFO]justtest : /jenkinsList/
2017-10-27 15:51:40,406[INFO]justtest : /jenkinsChange/
2017-10-27 15:58:28,223[INFO]justtest : /jenkinsList/
2017-10-27 15:58:30,682[INFO]justtest : /jenkinsChange/
2017-10-27 16:01:05,279[INFO]justtest : /jenkinsList/
2017-10-27 16:01:09,410[INFO]justtest : /jenkinsChange/
2017-10-27 16:02:51,502[INFO]justtest : /jenkinsList/
2017-10-27 16:02:53,764[INFO]justtest : /jenkinsChange/
2017-10-27 16:05:04,274[INFO]justtest : /jenkinsList/
2017-10-27 16:05:06,553[INFO]justtest : /jenkinsChange/
2017-10-27 16:05:43,445[INFO]justtest : /jenkinsList/
2017-10-27 16:06:02,290[INFO]justtest : /jenkinsChange/
2017-10-27 16:08:11,626[INFO]justtest : /jenkinsList/
2017-10-27 16:08:13,653[INFO]justtest : /jenkinsChange/
2017-10-27 16:10:20,975[INFO]justtest : /jenkinsList/
2017-10-27 16:10:23,143[INFO]justtest : /jenkinsChange/
2017-10-27 16:11:04,216[INFO]justtest : /jenkinsList/
2017-10-27 16:11:06,261[INFO]justtest : /jenkinsChange/
2017-10-27 16:12:01,876[INFO]justtest : /jenkinsList/
2017-10-27 16:12:03,803[INFO]justtest : /jenkinsChange/
2017-10-27 16:13:27,379[INFO]justtest : /jenkinsList/
2017-10-27 16:13:29,541[INFO]justtest : /jenkinsChange/
2017-10-27 16:21:00,191[INFO]justtest : /jenkinsList/
2017-10-27 16:21:02,606[INFO]justtest : /jenkinsChange/
2017-10-27 16:22:21,304[INFO]justtest : /jenkinsList/
2017-10-27 16:58:30,992[INFO]justtest : /jenkinsList/
2017-10-27 16:58:30,998[INFO]justtest : /login/
2017-10-27 16:58:31,019[INFO]justtest : /check_code/
2017-10-27 16:58:32,932[INFO]justtest : /form/
2017-10-27 16:58:32,942[INFO]justtest : /login/
2017-10-27 16:58:32,962[INFO]justtest : /check_code/
2017-10-27 16:58:41,509[INFO]justtest : /onload/
2017-10-27 16:58:41,522[INFO]justtest : /form/
2017-10-27 16:58:41,648[INFO]justtest : /pages/system/FirstPage.html
2017-10-27 16:58:43,499[INFO]justtest : /jenkinsList/
2017-10-27 16:59:02,844[INFO]justtest : /jenkinsChange/
2017-10-27 17:06:37,523[INFO]justtest : /jenkinsList/
2017-10-27 17:06:40,050[INFO]justtest : /jenkinsChange/
2017-10-27 17:07:41,853[INFO]justtest : /jenkinsList/
2017-10-27 17:07:44,929[INFO]justtest : /jenkinsChange/
2017-10-27 17:09:31,514[INFO]justtest : /form/
2017-10-27 17:09:31,622[INFO]justtest : /pages/system/FirstPage.html
2017-10-27 17:09:34,190[INFO]justtest : /jenkinsList/
2017-10-27 17:09:36,522[INFO]justtest : /jenkinsChange/
2017-10-27 17:11:21,910[INFO]justtest : /jenkinsList/
2017-10-27 17:11:24,241[INFO]justtest : /jenkinsChange/
2017-10-27 17:14:09,023[INFO]justtest : /jenkinsList/
2017-10-27 17:14:11,417[INFO]justtest : /jenkinsChange/
2017-10-27 17:23:17,247[INFO]justtest : /jenkinsList/
2017-10-27 17:23:19,307[INFO]justtest : /jenkinsChange/
2017-10-27 17:29:56,091[INFO]justtest : /jenkinsList/
2017-10-27 17:29:58,794[INFO]justtest : /jenkinsChange/
2017-10-27 17:32:48,781[INFO]justtest : /jenkinsList/
2017-10-27 17:32:51,042[INFO]justtest : /jenkinsChange/
2017-10-27 17:33:55,482[INFO]justtest : /jenkinsList/
2017-10-27 17:33:57,532[INFO]justtest : /jenkinsChange/
2017-10-27 17:36:23,853[INFO]justtest : /jenkinsList/
2017-10-27 17:36:26,431[INFO]justtest : /jenkinsChange/
2017-10-27 17:57:02,391[INFO]justtest : /jenkinsList/
2017-11-16 14:41:59,972[INFO]justtest : /
2017-11-16 14:41:59,985[INFO]justtest : /login/
2017-11-16 14:42:00,039[INFO]justtest : /check_code/
2017-11-16 14:42:12,047[INFO]justtest : /onload/
2017-11-16 14:42:12,110[INFO]justtest : /form/
2017-11-16 14:42:12,580[INFO]justtest : /pages/system/FirstPage.html
2017-11-16 14:42:12,989[INFO]justtest : /favicon.ico
2017-11-16 14:42:15,860[INFO]justtest : /selectPort/
2017-11-16 14:42:17,962[INFO]justtest : /changePortPage/
2017-11-16 14:42:19,087[INFO]justtest : /changePortPage/
2017-11-16 14:42:20,320[INFO]justtest : /changePortPage/
2017-11-16 14:42:21,552[INFO]justtest : /changePortPage/
2017-11-16 14:42:22,260[INFO]justtest : /changePortPage/
2017-11-16 14:42:22,906[INFO]justtest : /changePortPage/
2017-11-16 14:42:23,609[INFO]justtest : /changePortPage/
2017-11-16 14:42:24,228[INFO]justtest : /changePortPage/
2017-11-16 14:42:24,924[INFO]justtest : /changePortPage/
2017-11-16 14:42:25,605[INFO]justtest : /changePortPage/
2017-11-16 14:42:51,911[INFO]justtest : /jenkinsList/
2017-11-16 14:43:00,375[INFO]justtest : /serverlist/
2017-11-16 14:43:01,819[INFO]justtest : /toSoftware/
2017-11-16 14:43:03,928[INFO]justtest : /daymanage/
2017-11-16 14:43:08,001[INFO]justtest : /form/dataManage.html
2017-11-16 14:43:08,112[INFO]justtest : /dayData/
2017-11-16 14:43:14,391[INFO]justtest : /selectPort/
2017-11-16 14:43:16,317[INFO]justtest : /form/dataManage.html
2017-11-16 14:43:16,361[INFO]justtest : /dayData/
2017-11-16 14:44:12,436[INFO]justtest : /toSoftware/
2017-11-16 14:44:13,185[INFO]justtest : /serverlist/
2017-11-16 14:46:44,675[INFO]justtest : /selectPort/
2017-11-16 15:43:58,909[INFO]justtest : /
2017-11-16 15:43:58,938[INFO]justtest : /login/
2017-11-16 15:43:58,975[INFO]justtest : /check_code/
2017-11-16 17:01:33,510[INFO]justtest : /pages/system/Login.html
2017-11-16 17:01:33,513[INFO]justtest : /login/
2017-11-16 17:01:33,700[INFO]justtest : /check_code/
2017-11-17 16:02:47,009[INFO]justtest : /
2017-11-17 16:02:47,021[INFO]justtest : /login/
2017-11-17 16:02:47,054[INFO]justtest : /check_code/
2017-11-17 16:02:55,662[INFO]justtest : /onload/
2018-01-16 14:51:28,850[INFO]justtest : /login/
2018-01-16 14:51:29,079[INFO]justtest : /check_code/
2018-01-16 14:51:39,143[INFO]justtest : /onload/
2018-01-16 14:51:39,162[INFO]justtest : /form/
2018-01-16 14:51:39,456[INFO]justtest : /pages/system/FirstPage.html
2018-01-16 14:51:39,879[INFO]justtest : /favicon.ico
2018-01-16 14:51:43,366[INFO]justtest : /serverlist/
2018-01-16 14:52:14,625[INFO]justtest : /serverlist/
2018-01-16 14:52:39,446[INFO]justtest : /serverlist/
2018-01-16 14:53:18,697[INFO]justtest : /serverlist/
2018-01-16 14:56:41,970[INFO]justtest : /serverlist/
2018-01-16 14:57:10,496[INFO]justtest : /serverlist/
2018-01-16 15:04:10,744[INFO]justtest : /serverlist/
2018-01-16 15:08:38,681[INFO]justtest : /serverlist/
2018-01-16 15:09:22,848[INFO]justtest : /serverlist/
2018-01-16 15:09:25,336[INFO]justtest : /serverlist/
2018-01-16 15:09:26,212[INFO]justtest : /toSoftware/
2018-01-16 15:09:26,896[INFO]justtest : /serverlist/
2018-01-16 15:09:28,094[INFO]justtest : /serverlist/
2018-01-16 15:09:30,143[INFO]justtest : /toSoftware/
2018-01-16 15:09:31,170[INFO]justtest : /serverlist/
2018-01-16 15:10:01,881[INFO]justtest : /form/dataManage.html
2018-01-16 15:10:02,041[INFO]justtest : /dayData/
2018-01-16 15:10:09,075[INFO]justtest : /serverlist/
2018-01-16 15:11:45,904[INFO]justtest : /serverlist/
2018-01-16 15:13:17,370[INFO]justtest : /serverlist/
2018-01-16 15:15:28,202[INFO]justtest : /toSoftware/
2018-01-16 15:15:28,907[INFO]justtest : /serverlist/
2018-01-16 16:00:06,114[INFO]justtest : /serverlist/
2018-01-16 16:00:06,123[INFO]justtest : /login/
2018-01-16 16:00:06,149[INFO]justtest : /check_code/
2018-01-16 16:00:07,304[INFO]justtest : /serverlist/
2018-01-16 16:00:07,315[INFO]justtest : /login/
2018-01-16 16:00:07,364[INFO]justtest : /check_code/
2018-01-16 16:00:08,637[INFO]justtest : /form/
2018-01-16 16:00:08,649[INFO]justtest : /login/
2018-01-16 16:00:08,678[INFO]justtest : /check_code/
2018-01-16 16:00:17,209[INFO]justtest : /onload/
2018-01-16 16:00:17,225[INFO]justtest : /form/
2018-01-16 16:00:17,388[INFO]justtest : /pages/system/FirstPage.html
2018-01-16 16:00:19,630[INFO]justtest : /serverlist/
2018-01-16 16:00:42,005[INFO]justtest : /serverlist/
2018-01-16 16:14:58,853[INFO]justtest : /form/logMonitor.html
2018-01-16 16:15:02,100[INFO]justtest : /hostId/
2018-01-16 16:15:03,686[INFO]justtest : /selectPort/
2018-01-16 16:15:05,565[INFO]justtest : /form/dataManage.html
2018-01-16 16:15:05,687[INFO]justtest : /dayData/
2018-01-16 16:15:10,470[INFO]justtest : /jenkinsList/
2018-01-16 16:15:11,934[INFO]justtest : /jenkinsList/
2018-01-16 16:15:58,059[INFO]justtest : /jenkinsList/
2018-01-16 16:16:19,098[INFO]justtest : /jenkinsList/
2018-01-16 16:16:27,807[INFO]justtest : /login/
2018-01-16 16:16:27,848[INFO]justtest : /check_code/
2018-01-16 16:16:37,433[INFO]justtest : /onload/
2018-01-16 16:16:37,456[INFO]justtest : /form/
2018-01-16 16:16:37,618[INFO]justtest : /pages/system/FirstPage.html
2018-01-16 16:16:39,679[INFO]justtest : /form/css_animation.html
2018-01-16 16:16:39,728[INFO]justtest : /form/img/a7.jpg
2018-01-16 16:16:39,732[INFO]justtest : /form/img/a4.jpg
2018-01-16 16:16:39,761[INFO]justtest : /form/img/profile.jpg
2018-01-16 16:17:57,969[INFO]justtest : /form/css_animation.html
2018-01-16 16:18:25,120[INFO]justtest : /form/css_animation.html
2018-01-16 16:18:36,621[INFO]justtest : /form/css_animation.html
2018-01-16 16:38:52,417[INFO]justtest : /form/css_animation.html
2018-01-16 16:39:07,223[INFO]justtest : /form/css_animation.html
2018-01-16 16:39:32,544[INFO]justtest : /form/css_animation.html
2018-01-16 16:39:45,313[INFO]justtest : /form/css_animation.html
2018-01-16 16:40:10,710[INFO]justtest : /form/css_animation.html
2018-01-16 16:47:16,566[INFO]justtest : /jenkinsList/
2018-01-16 16:47:17,120[INFO]justtest : /form/css_animation.html
2018-01-16 16:47:23,847[INFO]justtest : /jenkinsList/
2018-01-16 16:47:26,070[INFO]justtest : /form/css_animation.html
2018-01-16 16:47:29,152[INFO]justtest : /toSoftware/
2018-01-16 16:47:30,682[INFO]justtest : /serverlist/
2018-01-17 09:13:18,792[INFO]justtest : /login/
2018-01-17 09:13:18,990[INFO]justtest : /check_code/
2018-01-17 09:13:28,112[INFO]justtest : /onload/
2018-01-17 09:13:28,129[INFO]justtest : /form/
2018-01-17 09:13:28,369[INFO]justtest : /pages/system/FirstPage.html
2018-01-17 09:13:28,749[INFO]justtest : /favicon.ico
2018-01-17 09:13:31,147[INFO]justtest : /serverlist/
2018-01-17 09:13:53,431[INFO]justtest : /serverlist/
2018-01-17 09:16:53,239[INFO]justtest : /serverlist/
2018-01-17 09:17:56,386[INFO]justtest : /serverlist/
2018-01-17 09:18:41,442[INFO]justtest : /serverlist/
2018-01-17 09:29:26,087[INFO]justtest : /serverlist/
2018-01-17 09:30:15,602[INFO]justtest : /serverlist/
2018-01-17 09:34:46,483[INFO]justtest : /serverlist/
2018-01-17 09:41:18,892[INFO]justtest : /serverlist/
2018-01-17 09:41:42,125[INFO]justtest : /serverlist/
2018-01-17 09:41:45,054[INFO]justtest : /servercatalog/
2018-01-17 09:42:01,904[INFO]justtest : /servercatalog/
2018-01-17 09:42:05,547[INFO]justtest : /servercatalog/
2018-01-17 09:49:24,692[INFO]justtest : /serverlist/
2018-01-17 09:59:51,167[INFO]justtest : /serverlist/
2018-01-17 09:59:57,548[INFO]justtest : /serverlist/
2018-01-17 10:02:46,796[INFO]justtest : /serverlist/
2018-01-17 10:05:26,575[INFO]justtest : /serverlist/
2018-01-17 10:06:05,187[INFO]justtest : /serverlist/
2018-01-17 10:06:51,456[INFO]justtest : /serverlist/
2018-01-17 10:07:20,567[INFO]justtest : /serverlist/
2018-01-17 10:08:31,789[INFO]justtest : /toSoftware/
2018-01-17 10:08:32,662[INFO]justtest : /serverlist/
2018-01-17 10:12:02,998[INFO]justtest : /serverlist/
2018-01-17 10:12:40,306[INFO]justtest : /serverlist/
2018-01-17 10:13:18,209[INFO]justtest : /serverlist/
2018-01-17 10:14:37,495[INFO]justtest : /serverlist/
2018-01-17 10:15:31,171[INFO]justtest : /serverlist/
2018-01-17 10:16:58,672[INFO]justtest : /serverlist/
2018-01-17 10:19:47,526[INFO]justtest : /serverlist/
2018-01-17 10:19:58,809[INFO]justtest : /serverlist/
2018-01-17 10:20:31,347[INFO]justtest : /serverlist/
2018-01-17 10:20:52,702[INFO]justtest : /serverlist/
2018-01-17 10:21:57,075[INFO]justtest : /serverlist/
2018-01-17 10:22:48,577[INFO]justtest : /serverlist/
2018-01-17 10:23:00,588[INFO]justtest : /serverlist/
2018-01-17 10:23:36,262[INFO]justtest : /servercatalog/
2018-01-17 10:25:00,787[INFO]justtest : /serverlist/
2018-01-17 10:26:38,341[INFO]justtest : /serverlist/
2018-01-17 10:26:57,824[INFO]justtest : /selectPort/
2018-01-17 10:27:46,943[INFO]justtest : /serverlist/
2018-01-17 10:28:31,507[INFO]justtest : /serverlist/
2018-01-17 10:29:21,647[INFO]justtest : /serverlist/
2018-01-17 10:29:51,297[INFO]justtest : /serverlist/
2018-01-17 10:32:02,019[INFO]justtest : /serverlist/
2018-01-17 10:32:55,431[INFO]justtest : /serverlist/
2018-01-17 10:33:17,235[INFO]justtest : /serverlist/
2018-01-17 10:33:34,841[INFO]justtest : /serverlist/
2018-01-17 10:34:01,906[INFO]justtest : /serverlist/
2018-01-17 10:35:20,773[INFO]justtest : /serverlist/
2018-01-17 10:35:35,816[INFO]justtest : /serverlist/
2018-01-17 10:36:19,010[INFO]justtest : /serverlist/
2018-01-17 10:36:39,611[INFO]justtest : /serverlist/
2018-01-17 10:37:07,851[INFO]justtest : /serverlist/
2018-01-17 10:37:25,621[INFO]justtest : /serverlist/
2018-01-17 10:37:53,028[INFO]justtest : /serverlist/
2018-01-17 10:38:07,037[INFO]justtest : /serverlist/
2018-01-17 10:38:23,533[INFO]justtest : /serverlist/
2018-01-17 10:39:08,418[INFO]justtest : /serverlist/
2018-01-17 10:39:31,044[INFO]justtest : /serverlist/
2018-01-17 10:39:49,186[INFO]justtest : /serverlist/
2018-01-17 10:40:03,500[INFO]justtest : /serverlist/
2018-01-17 10:42:05,340[INFO]justtest : /serverlist/
2018-01-17 10:54:09,274[INFO]justtest : /serverlist/
2018-01-17 11:21:03,282[INFO]justtest : /toSoftware/
2018-01-17 11:21:03,859[INFO]justtest : /serverlist/
2018-01-17 11:22:40,393[INFO]justtest : /serverlist/
2018-01-17 11:22:45,639[INFO]justtest : /servercatalog/
2018-01-17 11:22:52,446[INFO]justtest : /serverlist/
2018-01-17 11:23:08,185[INFO]justtest : /servercatalog/
2018-01-17 11:23:19,166[INFO]justtest : /selectPort/
2018-01-17 11:23:22,811[INFO]justtest : /form/dataManage.html
2018-01-17 11:23:22,962[INFO]justtest : /dayData/
2018-01-17 11:23:32,262[INFO]justtest : /hostId/
2018-01-17 11:23:33,919[INFO]justtest : /form/logMonitor.html
2018-01-17 11:23:39,943[INFO]justtest : /jenkinsList/
2018-01-17 11:23:41,341[INFO]justtest : /form/css_animation.html
2018-01-17 11:23:45,093[INFO]justtest : /hostId/
2018-01-17 11:23:55,345[INFO]justtest : /form/logMonitor.html
2018-01-17 11:23:57,082[INFO]justtest : /hostId/
2018-01-17 11:24:04,285[INFO]justtest : /form/logMonitor.html
2018-01-17 11:24:06,826[INFO]justtest : /jenkinsList/
2018-01-17 11:24:08,045[INFO]justtest : /form/css_animation.html
2018-01-17 11:24:10,397[INFO]justtest : /serverlist/
2018-01-17 11:24:17,889[INFO]justtest : /serverlist/
2018-01-17 13:21:59,482[INFO]justtest : /form/
2018-01-17 13:21:59,496[INFO]justtest : /login/
2018-01-17 13:21:59,546[INFO]justtest : /check_code/
2018-01-17 13:22:08,677[INFO]justtest : /onload/
2018-01-17 13:22:08,693[INFO]justtest : /form/
2018-01-17 13:22:08,848[INFO]justtest : /pages/system/FirstPage.html
2018-01-17 13:22:11,470[INFO]justtest : /serverlist/
2018-01-17 13:22:15,990[INFO]justtest : /monitorserver/
2018-01-17 13:22:50,875[INFO]justtest : /monitorserver/
2018-01-17 13:25:31,547[INFO]justtest : /monitorserver/
2018-01-17 13:26:01,451[INFO]justtest : /monitorserver/
2018-01-17 13:26:56,802[INFO]justtest : /serverlist/
2018-01-17 13:27:00,374[INFO]justtest : /monitorserver/
2018-01-17 13:35:09,360[INFO]justtest : /monitorserver/
2018-01-17 13:43:54,048[INFO]justtest : /monitorserver/
2018-01-17 13:47:17,088[INFO]justtest : /monitorserver/
2018-01-17 13:50:56,865[INFO]justtest : /monitorserver/
2018-01-17 13:52:58,922[INFO]justtest : /monitorserver/
2018-01-17 13:56:36,757[INFO]justtest : /monitorserver/
2018-01-17 14:00:31,238[INFO]justtest : /monitorserver/
2018-01-17 14:00:31,256[INFO]justtest : /login/
2018-01-17 14:01:05,134[INFO]justtest : /monitorserver/
2018-01-17 14:01:05,138[INFO]justtest : /login/
2018-01-17 14:01:20,175[INFO]justtest : /form/
2018-01-17 14:01:20,181[INFO]justtest : /login/
2018-01-17 14:01:20,209[INFO]justtest : /check_code/
2018-01-17 14:01:27,073[INFO]justtest : /onload/
2018-01-17 14:01:27,091[INFO]justtest : /form/
2018-01-17 14:01:27,231[INFO]justtest : /pages/system/FirstPage.html
2018-01-17 14:01:29,352[INFO]justtest : /serverlist/
2018-01-17 14:01:32,512[INFO]justtest : /monitorserver/
2018-01-17 14:02:51,966[INFO]justtest : /monitorserver/
2018-01-17 14:06:57,475[INFO]justtest : /monitorserver/
2018-01-17 14:20:27,667[INFO]justtest : /monitorserver/
2018-01-17 14:21:37,273[INFO]justtest : /monitorserver/
2018-01-17 14:24:48,468[INFO]justtest : /monitorserver/
2018-01-17 14:29:21,177[INFO]justtest : /monitorserver/
2018-01-17 14:30:29,054[INFO]justtest : /serverlist/
2018-01-17 14:30:31,711[INFO]justtest : /monitorserver/
2018-01-17 14:32:28,474[INFO]justtest : /monitorserver/
2018-01-17 14:32:46,191[INFO]justtest : /serverlist/
2018-01-17 14:32:49,183[INFO]justtest : /monitorserver/
2018-01-17 14:34:25,501[INFO]justtest : /monitorserver/
2018-01-17 14:51:14,272[INFO]justtest : /serverlist/
2018-01-17 14:51:16,181[INFO]justtest : /form/
2018-01-17 14:51:16,293[INFO]justtest : /pages/system/FirstPage.html
2018-01-17 14:51:22,563[INFO]justtest : /toSoftware/
2018-01-17 14:51:24,182[INFO]justtest : /serverlist/
2018-01-17 14:51:28,179[INFO]justtest : /monitorserver/
2018-01-17 14:53:09,164[INFO]justtest : /form/
2018-01-17 14:53:09,258[INFO]justtest : /pages/system/FirstPage.html
2018-01-17 14:53:13,354[INFO]justtest : /serverlist/
2018-01-17 14:53:21,483[INFO]justtest : /monitorserver/
2018-01-17 15:03:36,352[INFO]justtest : /serverlist/
2018-01-17 15:03:38,580[INFO]justtest : /monitorserver/
2018-01-17 15:04:11,064[INFO]justtest : /form/
2018-01-17 15:04:11,152[INFO]justtest : /pages/system/FirstPage.html
2018-01-17 15:04:13,513[INFO]justtest : /toSoftware/
2018-01-17 15:04:14,514[INFO]justtest : /serverlist/
2018-01-17 15:04:18,473[INFO]justtest : /monitorserver/
2018-01-17 15:04:56,820[INFO]justtest : /serverlist/
2018-01-17 15:04:58,678[INFO]justtest : /monitorserver/
2018-01-17 15:18:08,788[INFO]justtest : /monitorserver/
2018-01-17 15:18:34,696[INFO]justtest : /monitorserver/
2018-01-17 15:19:00,846[INFO]justtest : /monitorserver/
2018-01-17 15:21:27,990[INFO]justtest : /monitorserver/
2018-01-17 15:24:49,247[INFO]justtest : /serverlist/
2018-01-17 15:24:50,911[INFO]justtest : /monitorserver/
2018-01-17 15:25:37,428[INFO]justtest : /serverlist/
2018-01-17 15:25:39,762[INFO]justtest : /monitorserver/
2018-01-17 15:27:46,930[INFO]justtest : /form/
2018-01-17 15:27:47,023[INFO]justtest : /pages/system/FirstPage.html
2018-01-17 15:27:50,957[INFO]justtest : /serverlist/
2018-01-17 15:27:53,776[INFO]justtest : /monitorserver/
2018-01-17 15:29:09,268[INFO]justtest : /serverlist/
2018-01-17 15:29:09,933[INFO]justtest : /zabbix-png/563.png
2018-01-17 15:29:09,936[INFO]justtest : /zabbix-png/638.png
2018-01-17 15:29:11,170[INFO]justtest : /monitorserver/
2018-01-17 15:30:13,233[INFO]justtest : /toSoftware/
2018-01-17 15:30:14,671[INFO]justtest : /serverlist/
2018-01-17 15:30:16,627[INFO]justtest : /monitorserver/
2018-01-17 15:30:47,671[INFO]justtest : /monitorserver/
2018-01-17 15:31:28,210[INFO]justtest : /serverlist/
2018-01-17 15:31:30,948[INFO]justtest : /monitorserver/
2018-01-17 15:31:56,439[INFO]justtest : /monitorserver/
2018-01-17 15:32:14,145[INFO]justtest : /serverlist/
2018-01-17 15:32:15,968[INFO]justtest : /monitorserver/
2018-01-17 15:33:58,830[INFO]justtest : /serverlist/
2018-01-17 15:34:00,537[INFO]justtest : /monitorserver/
2018-01-17 15:34:57,389[INFO]justtest : /serverlist/
2018-01-17 15:34:59,141[INFO]justtest : /monitorserver/
2018-01-17 15:36:09,152[INFO]justtest : /serverlist/
2018-01-17 15:36:10,943[INFO]justtest : /monitorserver/
2018-01-17 15:37:43,373[INFO]justtest : /serverlist/
2018-01-17 15:37:50,515[INFO]justtest : /serverlist/
2018-01-17 15:37:52,691[INFO]justtest : /monitorserver/
2018-01-17 15:44:46,513[INFO]justtest : /serverlist/
2018-01-17 15:44:48,377[INFO]justtest : /monitorserver/
2018-01-17 15:44:57,228[INFO]justtest : /monitorserver/
2018-01-17 15:45:03,351[INFO]justtest : /monitorserver/
2018-01-17 15:45:08,826[INFO]justtest : /monitorserver/
2018-01-17 15:45:13,994[INFO]justtest : /monitorserver/
2018-01-17 15:45:24,182[INFO]justtest : /monitorserver/
2018-01-17 15:45:27,705[INFO]justtest : /monitorserver/
2018-01-17 15:45:49,913[INFO]justtest : /serverlist/
2018-01-17 15:46:02,624[INFO]justtest : /monitorserver/
2018-01-17 15:46:16,911[INFO]justtest : /monitorserver/
2018-01-17 15:46:38,845[INFO]justtest : /monitorserver/
2018-01-17 15:55:08,314[INFO]justtest : /monitorserver/
2018-01-17 15:55:27,189[INFO]justtest : /monitorserver/
2018-01-17 15:56:21,231[INFO]justtest : /serverlist/
2018-01-17 15:56:22,916[INFO]justtest : /monitorserver/
2018-01-17 15:57:22,000[INFO]justtest : /monitorserver/
2018-01-17 15:57:28,587[INFO]justtest : /monitorserver/
2018-01-17 15:57:51,228[INFO]justtest : /form/
2018-01-17 15:57:51,318[INFO]justtest : /pages/system/FirstPage.html
2018-01-17 15:57:53,695[INFO]justtest : /serverlist/
2018-01-17 15:58:37,676[INFO]justtest : /monitorserver/
2018-01-17 15:58:45,173[INFO]justtest : /monitorserver/
2018-01-17 15:59:08,268[INFO]justtest : /monitorserver/
2018-01-17 15:59:13,791[INFO]justtest : /monitorserver/
2018-01-17 15:59:24,565[INFO]justtest : /monitorserver/
2018-01-17 15:59:29,966[INFO]justtest : /monitorserver/
2018-01-17 16:06:27,056[INFO]justtest : /serverlist/
2018-01-17 16:06:29,399[INFO]justtest : /monitorserver/
2018-01-17 16:08:27,745[INFO]justtest : /monitorserver/
2018-01-17 16:08:31,537[INFO]justtest : /monitorserver/
2018-01-17 16:08:38,038[INFO]justtest : /monitorserver/
2018-01-17 16:08:41,986[INFO]justtest : /monitorserver/
2018-01-17 16:09:18,699[INFO]justtest : /monitorserver/
2018-01-17 16:09:21,063[INFO]justtest : /monitorserver/
2018-01-17 16:10:16,165[INFO]justtest : /monitorserver/
2018-01-17 16:12:54,077[INFO]justtest : /serverlist/
2018-01-17 16:13:09,171[INFO]justtest : /monitorserver/
2018-01-17 16:13:38,606[INFO]justtest : /monitorserver/
2018-01-17 16:13:40,414[INFO]justtest : /monitorserver/
2018-01-17 16:14:09,239[INFO]justtest : /monitorserver/
2018-01-17 16:16:35,133[INFO]justtest : /monitorserver/
2018-01-17 16:17:13,582[INFO]justtest : /serverlist/
2018-01-17 16:19:16,767[INFO]justtest : /monitorserver/
2018-01-17 16:23:00,787[INFO]justtest : /monitorserver/
2018-01-17 16:23:09,178[INFO]justtest : /monitorserver/
2018-01-18 15:26:28,437[INFO]justtest : /login/
2018-01-18 15:26:28,562[INFO]justtest : /check_code/
2018-01-18 15:26:28,876[INFO]justtest : /check_code/
2018-01-18 15:26:37,327[INFO]justtest : /onload/
2018-01-18 15:26:37,345[INFO]justtest : /form/
2018-01-18 15:26:37,621[INFO]justtest : /pages/system/FirstPage.html
2018-01-18 15:26:38,010[INFO]justtest : /favicon.ico
2018-01-18 15:26:39,959[INFO]justtest : /serverlist/
2018-01-18 15:26:42,667[INFO]justtest : /monitorserver/
2018-01-18 15:26:52,482[INFO]justtest : /monitorserver/
2018-01-18 15:27:04,235[INFO]justtest : /monitorserver/
2018-01-18 15:27:11,264[INFO]justtest : /servercatalog/
2018-01-18 15:27:17,464[INFO]justtest : /serverlist/
2018-02-01 10:31:20,090[INFO]justtest : /login/
2018-02-01 10:31:20,228[INFO]justtest : /check_code/
2018-02-01 10:31:22,128[INFO]justtest : /check_code/
2018-02-01 10:31:33,851[INFO]justtest : /onload/
2018-02-01 10:31:33,864[INFO]justtest : /form/
2018-02-01 10:31:34,181[INFO]justtest : /pages/system/FirstPage.html
2018-02-01 10:31:34,525[INFO]justtest : /favicon.ico
2018-02-01 10:31:36,913[INFO]justtest : /jenkinsList/
2018-02-09 10:18:41,403[INFO]justtest : /test/
2018-02-09 10:18:41,578[INFO]justtest : /favicon.ico
2018-02-09 10:18:41,586[INFO]justtest : /login/
2018-02-09 10:31:24,430[INFO]justtest : /test/
2018-02-09 11:02:45,859[INFO]justtest : /test/
2018-02-09 11:02:46,268[INFO]justtest : /favicon.ico
2018-02-09 11:02:46,270[INFO]justtest : /login/
2018-02-09 11:03:35,980[INFO]justtest : /asfdsfd
2018-02-09 11:03:35,984[INFO]justtest : /login/
2018-02-09 11:03:36,211[INFO]justtest : /check_code/
2018-02-09 11:08:55,523[INFO]justtest : /test/
2018-02-09 11:17:22,283[INFO]justtest : /test/
2018-02-09 11:26:53,880[INFO]justtest : /asfdsfd
2018-02-09 11:26:53,892[INFO]justtest : /login/
2018-02-09 11:26:54,018[INFO]justtest : /check_code/
2018-02-09 11:29:48,214[INFO]justtest : /testtest/
2018-02-09 11:30:07,735[INFO]justtest : /testtest/
2018-02-09 11:30:23,113[INFO]justtest : /testtest/
2018-02-09 11:31:02,054[INFO]justtest : /testtest/
2018-02-09 13:27:59,515[INFO]justtest : /test/
2018-02-09 13:28:43,777[INFO]justtest : /test/
2018-02-09 13:29:17,009[INFO]justtest : /test/
2018-02-09 13:30:25,133[INFO]justtest : /test/
2018-02-09 13:32:12,254[INFO]justtest : /test/
2018-02-09 13:32:32,258[INFO]justtest : /test/
2018-02-09 13:35:10,980[INFO]justtest : /test/
2018-02-09 13:35:39,515[INFO]justtest : /test/
2018-02-09 13:35:47,855[INFO]justtest : /test/
2018-02-09 13:36:02,271[INFO]justtest : /test/
2018-02-09 13:44:32,243[INFO]justtest : /test/
2018-02-09 13:45:11,516[INFO]justtest : /test/
2018-02-09 13:45:37,420[INFO]justtest : /test/
2018-02-09 13:45:40,016[INFO]justtest : /test/
2018-02-09 13:45:42,820[INFO]justtest : /test/
2018-02-09 13:48:32,746[INFO]justtest : /test/
2018-02-09 13:50:20,316[INFO]justtest : /test/
2018-02-09 13:50:32,238[INFO]justtest : /test/
2018-02-09 13:50:34,084[INFO]justtest : /test/
2018-02-09 13:50:36,675[INFO]justtest : /test/
2018-02-09 13:50:38,974[INFO]justtest : /test/
2018-02-09 13:50:42,216[INFO]justtest : /test/
2018-02-09 13:52:05,450[INFO]justtest : /test/
2018-02-09 13:52:08,418[INFO]justtest : /test/
2018-02-09 13:52:10,560[INFO]justtest : /test/
2018-02-09 13:54:38,856[INFO]justtest : /test/
2018-02-09 15:01:07,766[INFO]justtest : /test/
2018-02-09 15:01:11,177[INFO]justtest : /test/
2018-02-09 15:01:14,163[INFO]justtest : /test/
2018-02-09 15:01:22,198[INFO]justtest : /test/
2018-02-09 15:01:44,326[INFO]justtest : /test/
2018-02-09 15:01:48,693[INFO]justtest : /test/
2018-02-09 15:02:04,058[INFO]justtest : /test/
2018-02-12 15:38:39,841[INFO]justtest : /
2018-02-12 15:38:39,847[INFO]justtest : /login/
2018-02-12 15:38:39,885[INFO]justtest : /check_code/
